[+] Containers:
 |- [+] Container: /Game/Maps/ThirdPersonMap
 |   |- [+] ActorDescs:
 |   |   |- Guid:1B4938A14086B00B0662DFAFDAA863FC BaseClass: NativeClass:/Script/Engine.StaticMeshActor Name:StaticMeshActor_UAID_E073E73975F0EDA801_1677041285 Label:SM_GemmeRed SpatiallyLoaded:1 Bounds:IsValid=true, Min=(X=690.000 Y=1000.000 Z=32.000), Max=(X=690.000 Y=1000.000 Z=32.000) RuntimeGrid:None EditorOnly:0 RuntimeOnly:0 HLODRelevant:0
 |   |   |- Guid:3A00AA1C422CE54C0BDB60BAF471BFBB BaseClass: NativeClass:/Script/Engine.PlayerStart Name:PlayerStart_0 Label:PlayerStart SpatiallyLoaded:0 Bounds:IsValid=true, Min=(X=0.000 Y=960.000 Z=50.013), Max=(X=80.000 Y=1040.000 Z=234.013) RuntimeGrid:None EditorOnly:0 RuntimeOnly:0 HLODRelevant:0
 |   |   |- Guid:56A72D95479D5713443133BC60CE2295 BaseClass: NativeClass:/Script/Engine.StaticMeshActor Name:StaticMeshActor_UAID_E073E73975F095A801_1861426799 Label:SM_Platform2 SpatiallyLoaded:1 Bounds:IsValid=true, Min=(X=850.000 Y=2060.000 Z=0.000), Max=(X=850.000 Y=2060.000 Z=0.000) RuntimeGrid:None EditorOnly:0 RuntimeOnly:0 HLODRelevant:0
 |   |   |- Guid:579413CE42721D52114C6DB2ABCCD1D6 BaseClass:/Game/BP/Platform/Start/BP_Start.BP_Start_C NativeClass:/Script/Engine.Actor Name:BP_Start_C_UAID_E073E73975F0DCA801_1540487296 Label:BP_Start SpatiallyLoaded:1 Bounds:IsValid=true, Min=(X=0.000 Y=500.000 Z=-250.000), Max=(X=2750.000 Y=1500.000 Z=250.000) RuntimeGrid:None EditorOnly:0 RuntimeOnly:0 HLODRelevant:0
 |   |   |- Guid:620A14484B7AA892A4EE5498E62F6D4D BaseClass:/Game/BP_Point_de_depart.BP_Point_de_depart_C NativeClass:/Script/Engine.Actor Name:BP_Point_de_depart_C_UAID_E073E73975F0EFA801_1461920639 Label:BP_Point_de_depart SpatiallyLoaded:1 Bounds:IsValid=true, Min=(X=240.000 Y=900.000 Z=-10.000), Max=(X=440.000 Y=1100.000 Z=190.000) RuntimeGrid:None EditorOnly:0 RuntimeOnly:0 HLODRelevant:0
 |   |   |- Guid:6BAF4DDD444C60371492D3919DB42C97 BaseClass: NativeClass:/Script/Engine.WorldDataLayers Name:WorldDataLayers Label:WorldDataLayers SpatiallyLoaded:0 Bounds:IsValid=true, Min=(X=0.000 Y=0.000 Z=0.000), Max=(X=0.000 Y=0.000 Z=0.000) RuntimeGrid:None EditorOnly:0 RuntimeOnly:0 HLODRelevant:0
 |   |   |- Guid:A2CEC992462A440682EE3099895D0456 BaseClass: NativeClass:/Script/Engine.StaticMeshActor Name:StaticMeshActor_UAID_E073E73975F0D8A801_2134731584 Label:SM_Platform3 SpatiallyLoaded:1 Bounds:IsValid=true, Min=(X=857.500 Y=2430.000 Z=290.000), Max=(X=857.500 Y=2430.000 Z=290.000) RuntimeGrid:None EditorOnly:0 RuntimeOnly:0 HLODRelevant:0
 |   |- [+] Clusters:
 |   |   |- [+] [  0]
 |   |   |   |- Guid:3A00AA1C422CE54C0BDB60BAF471BFBB BaseClass: NativeClass:/Script/Engine.PlayerStart Name:PlayerStart_0 Label:PlayerStart SpatiallyLoaded:0 Bounds:IsValid=true, Min=(X=0.000 Y=960.000 Z=50.013), Max=(X=80.000 Y=1040.000 Z=234.013) RuntimeGrid:None EditorOnly:0 RuntimeOnly:0 HLODRelevant:0
 |   |   |- [+] [  1]
 |   |   |   |- Guid:1B4938A14086B00B0662DFAFDAA863FC BaseClass: NativeClass:/Script/Engine.StaticMeshActor Name:StaticMeshActor_UAID_E073E73975F0EDA801_1677041285 Label:SM_GemmeRed SpatiallyLoaded:1 Bounds:IsValid=true, Min=(X=690.000 Y=1000.000 Z=32.000), Max=(X=690.000 Y=1000.000 Z=32.000) RuntimeGrid:None EditorOnly:0 RuntimeOnly:0 HLODRelevant:0
 |   |   |- [+] [  2]
 |   |   |   |- Guid:6BAF4DDD444C60371492D3919DB42C97 BaseClass: NativeClass:/Script/Engine.WorldDataLayers Name:WorldDataLayers Label:WorldDataLayers SpatiallyLoaded:0 Bounds:IsValid=true, Min=(X=0.000 Y=0.000 Z=0.000), Max=(X=0.000 Y=0.000 Z=0.000) RuntimeGrid:None EditorOnly:0 RuntimeOnly:0 HLODRelevant:0
 |   |   |- [+] [  3]
 |   |   |   |- Guid:620A14484B7AA892A4EE5498E62F6D4D BaseClass:/Game/BP_Point_de_depart.BP_Point_de_depart_C NativeClass:/Script/Engine.Actor Name:BP_Point_de_depart_C_UAID_E073E73975F0EFA801_1461920639 Label:BP_Point_de_depart SpatiallyLoaded:1 Bounds:IsValid=true, Min=(X=240.000 Y=900.000 Z=-10.000), Max=(X=440.000 Y=1100.000 Z=190.000) RuntimeGrid:None EditorOnly:0 RuntimeOnly:0 HLODRelevant:0
 |   |   |- [+] [  4]
 |   |   |   |- Guid:A2CEC992462A440682EE3099895D0456 BaseClass: NativeClass:/Script/Engine.StaticMeshActor Name:StaticMeshActor_UAID_E073E73975F0D8A801_2134731584 Label:SM_Platform3 SpatiallyLoaded:1 Bounds:IsValid=true, Min=(X=857.500 Y=2430.000 Z=290.000), Max=(X=857.500 Y=2430.000 Z=290.000) RuntimeGrid:None EditorOnly:0 RuntimeOnly:0 HLODRelevant:0
 |   |   |- [+] [  5]
 |   |   |   |- Guid:56A72D95479D5713443133BC60CE2295 BaseClass: NativeClass:/Script/Engine.StaticMeshActor Name:StaticMeshActor_UAID_E073E73975F095A801_1861426799 Label:SM_Platform2 SpatiallyLoaded:1 Bounds:IsValid=true, Min=(X=850.000 Y=2060.000 Z=0.000), Max=(X=850.000 Y=2060.000 Z=0.000) RuntimeGrid:None EditorOnly:0 RuntimeOnly:0 HLODRelevant:0
 |   |   |- [+] [  6]
 |   |   |   |- Guid:579413CE42721D52114C6DB2ABCCD1D6 BaseClass:/Game/BP/Platform/Start/BP_Start.BP_Start_C NativeClass:/Script/Engine.Actor Name:BP_Start_C_UAID_E073E73975F0DCA801_1540487296 Label:BP_Start SpatiallyLoaded:1 Bounds:IsValid=true, Min=(X=0.000 Y=500.000 Z=-250.000), Max=(X=2750.000 Y=1500.000 Z=250.000) RuntimeGrid:None EditorOnly:0 RuntimeOnly:0 HLODRelevant:0
 |- ContainerInstances:
 |- [+] MainContainer:
 |   |-        ID: 0x0000000000000000
 |   |-    Bounds: IsValid=false, Min=(X=0.000 Y=0.000 Z=0.000), Max=(X=0.000 Y=0.000 Z=0.000)
 |   |- Transform: 0.000000,0.000000,0.000000|0.000000,0.000000,-0.000000|1.000000,1.000000,1.000000
 |   |- Container: /Game/Maps/ThirdPersonMap
----------------------------------------------------------------------------------------------------------------
ThirdPersonMap - Persistent Level
----------------------------------------------------------------------------------------------------------------
Always loaded Actor Count: 14 

----------------------------------------------------------------------------------------------------------------
ThirdPersonMap - Runtime Spatial Hash - Streaming Grid - MainGrid
----------------------------------------------------------------------------------------------------------------
            Origin: X=0.000 Y=0.000 Z=0.000
         Cell Size: 12800
      World Bounds: IsValid=false, Min=(X=0.000 Y=0.000 Z=0.000), Max=(X=0.000 Y=0.000 Z=0.000)
     Loading Range: 25600.00
Block Slow Loading: No
 ClientOnlyVisible: No

[+] Grid Levels: 1
 |- Level  0: Cell Count    0 | Cell Size   12800 | Actor Count    0 (0.0%)

[+] Content of Grid Level 0

